<?xml version="1.0" encoding="UTF-8"?>
<testsuite name="de.iits.elocalculatorbackend.ranking.controller.RankingControllerIntegrationTest$GetRanking" tests="3" skipped="0" failures="0" errors="0" timestamp="2024-06-10T11:44:43" hostname="Bernhards-MacBook-Pro.local" time="0.035">
  <properties/>
  <testcase name="dontProvideANumberOfPlayers()" classname="de.iits.elocalculatorbackend.ranking.controller.RankingControllerIntegrationTest$GetRanking" time="0.003"/>
  <testcase name="returnTop5Players()" classname="de.iits.elocalculatorbackend.ranking.controller.RankingControllerIntegrationTest$GetRanking" time="0.028"/>
  <testcase name="returnTopPlayer()" classname="de.iits.elocalculatorbackend.ranking.controller.RankingControllerIntegrationTest$GetRanking" time="0.004"/>
  <system-out><![CDATA[2024-06-10T13:44:43.743+02:00  INFO 25918 --- [    Test worker] t.c.s.AnnotationConfigContextLoaderUtils : Could not detect default configuration classes for test class [de.iits.elocalculatorbackend.ranking.controller.RankingControllerIntegrationTest$GetRanking]: GetRanking does not declare any static, non-private, non-final, nested classes annotated with @Configuration.
2024-06-10T13:44:43.744+02:00  INFO 25918 --- [    Test worker] .b.t.c.SpringBootTestContextBootstrapper : Found @SpringBootConfiguration de.iits.elocalculatorbackend.EloBackendJavaApplication for test class de.iits.elocalculatorbackend.ranking.controller.RankingControllerIntegrationTest$GetRanking
2024-06-10T13:44:43.747+02:00  WARN 25918 --- [    Test worker] .w.s.m.s.DefaultHandlerExceptionResolver : Resolved [org.springframework.web.bind.MissingServletRequestParameterException: Required request parameter 'top' for method parameter type int is not present]
]]></system-out>
  <system-err><![CDATA[]]></system-err>
</testsuite>
