<?xml version="1.0" encoding="UTF-8"?>
<testsuite name="de.iits.elocalculatorbackend.player.controller.PlayerControllerIntegrationTest$CreatePlayer" tests="2" skipped="0" failures="0" errors="0" timestamp="2024-06-10T11:44:43" hostname="Bernhards-MacBook-Pro.local" time="0.013">
  <properties/>
  <testcase name="sendValidPlayerForCreation()" classname="de.iits.elocalculatorbackend.player.controller.PlayerControllerIntegrationTest$CreatePlayer" time="0.011"/>
  <testcase name="toNotSendPlayerForCreation()" classname="de.iits.elocalculatorbackend.player.controller.PlayerControllerIntegrationTest$CreatePlayer" time="0.001"/>
  <system-out><![CDATA[2024-06-10T13:44:43.699+02:00  INFO 25918 --- [    Test worker] t.c.s.AnnotationConfigContextLoaderUtils : Could not detect default configuration classes for test class [de.iits.elocalculatorbackend.player.controller.PlayerControllerIntegrationTest$CreatePlayer]: CreatePlayer does not declare any static, non-private, non-final, nested classes annotated with @Configuration.
2024-06-10T13:44:43.700+02:00  INFO 25918 --- [    Test worker] .b.t.c.SpringBootTestContextBootstrapper : Found @SpringBootConfiguration de.iits.elocalculatorbackend.EloBackendJavaApplication for test class de.iits.elocalculatorbackend.player.controller.PlayerControllerIntegrationTest$CreatePlayer
]]></system-out>
  <system-err><![CDATA[]]></system-err>
</testsuite>
