<?xml version="1.0" encoding="UTF-8"?>
<testsuite name="de.iits.elocalculatorbackend.match.controller.MatchControllerIntegrationTest$CreateMatch" tests="2" skipped="0" failures="0" errors="0" timestamp="2024-06-10T11:44:43" hostname="Bernhards-MacBook-Pro.local" time="0.194">
  <properties/>
  <testcase name="sendMatchForCreation()" classname="de.iits.elocalculatorbackend.match.controller.MatchControllerIntegrationTest$CreateMatch" time="0.189"/>
  <testcase name="doNotSendMatchForCreation()" classname="de.iits.elocalculatorbackend.match.controller.MatchControllerIntegrationTest$CreateMatch" time="0.004"/>
  <system-out><![CDATA[2024-06-10T13:44:43.084+02:00  INFO 25918 --- [    Test worker] t.c.s.AnnotationConfigContextLoaderUtils : Could not detect default configuration classes for test class [de.iits.elocalculatorbackend.match.controller.MatchControllerIntegrationTest$CreateMatch]: CreateMatch does not declare any static, non-private, non-final, nested classes annotated with @Configuration.
2024-06-10T13:44:43.085+02:00  INFO 25918 --- [    Test worker] .b.t.c.SpringBootTestContextBootstrapper : Found @SpringBootConfiguration de.iits.elocalculatorbackend.EloBackendJavaApplication for test class de.iits.elocalculatorbackend.match.controller.MatchControllerIntegrationTest$CreateMatch

  .   ____          _            __ _ _
 /\\ / ___'_ __ _ _(_)_ __  __ _ \ \ \ \
( ( )\___ | '_ | '_| | '_ \/ _` | \ \ \ \
 \\/  ___)| |_)| | | | | || (_| |  ) ) ) )
  '  |____| .__|_| |_|_| |_\__, | / / / /
 =========|_|==============|___/=/_/_/_/
 :: Spring Boot ::                (v3.2.1)

2024-06-10T13:44:43.100+02:00  INFO 25918 --- [    Test worker] d.i.e.m.c.MatchControllerIntegrationTest : Starting MatchControllerIntegrationTest using Java 21.0.1 with PID 25918 (started by bkern in /Users/bkern/Documents/gits/iits/recruiting-monorepo/backend/java)
2024-06-10T13:44:43.100+02:00  INFO 25918 --- [    Test worker] d.i.e.m.c.MatchControllerIntegrationTest : No active profile set, falling back to 1 default profile: "default"
2024-06-10T13:44:43.165+02:00  INFO 25918 --- [    Test worker] .s.d.r.c.RepositoryConfigurationDelegate : Bootstrapping Spring Data JPA repositories in DEFAULT mode.
2024-06-10T13:44:43.169+02:00  INFO 25918 --- [    Test worker] .s.d.r.c.RepositoryConfigurationDelegate : Finished Spring Data repository scanning in 4 ms. Found 2 JPA repository interfaces.
2024-06-10T13:44:43.266+02:00  INFO 25918 --- [    Test worker] o.s.b.w.embedded.tomcat.TomcatWebServer  : Tomcat initialized with port 0 (http)
2024-06-10T13:44:43.272+02:00  INFO 25918 --- [    Test worker] o.apache.catalina.core.StandardService   : Starting service [Tomcat]
2024-06-10T13:44:43.273+02:00  INFO 25918 --- [    Test worker] o.apache.catalina.core.StandardEngine    : Starting Servlet engine: [Apache Tomcat/10.1.17]
2024-06-10T13:44:43.298+02:00  INFO 25918 --- [    Test worker] o.a.c.c.C.[Tomcat].[localhost].[/]       : Initializing Spring embedded WebApplicationContext
2024-06-10T13:44:43.298+02:00  INFO 25918 --- [    Test worker] w.s.c.ServletWebServerApplicationContext : Root WebApplicationContext: initialization completed in 197 ms
2024-06-10T13:44:43.329+02:00  INFO 25918 --- [    Test worker] com.zaxxer.hikari.HikariDataSource       : HikariPool-2 - Starting...
2024-06-10T13:44:43.331+02:00  INFO 25918 --- [    Test worker] com.zaxxer.hikari.pool.HikariPool        : HikariPool-2 - Added connection conn10: url=jdbc:h2:mem:e5c57dc8-b8e9-4d71-88e1-7bfd910f3b82 user=SA
2024-06-10T13:44:43.331+02:00  INFO 25918 --- [    Test worker] com.zaxxer.hikari.HikariDataSource       : HikariPool-2 - Start completed.
2024-06-10T13:44:43.331+02:00  INFO 25918 --- [    Test worker] o.hibernate.jpa.internal.util.LogHelper  : HHH000204: Processing PersistenceUnitInfo [name: default]
2024-06-10T13:44:43.332+02:00  INFO 25918 --- [    Test worker] o.h.c.internal.RegionFactoryInitiator    : HHH000026: Second-level cache disabled
2024-06-10T13:44:43.333+02:00  INFO 25918 --- [    Test worker] o.s.o.j.p.SpringPersistenceUnitInfo      : No LoadTimeWeaver setup: ignoring JPA class transformer
2024-06-10T13:44:43.354+02:00  INFO 25918 --- [    Test worker] o.h.e.t.j.p.i.JtaPlatformInitiator       : HHH000489: No JTA platform available (set 'hibernate.transaction.jta.platform' to enable JTA platform integration)
2024-06-10T13:44:43.356+02:00  INFO 25918 --- [    Test worker] j.LocalContainerEntityManagerFactoryBean : Initialized JPA EntityManagerFactory for persistence unit 'default'
2024-06-10T13:44:43.438+02:00  INFO 25918 --- [    Test worker] o.a.c.c.C.[Tomcat].[localhost].[/]       : Initializing Spring TestDispatcherServlet ''
2024-06-10T13:44:43.439+02:00  INFO 25918 --- [    Test worker] o.s.t.web.servlet.TestDispatcherServlet  : Initializing Servlet ''
2024-06-10T13:44:43.439+02:00  INFO 25918 --- [    Test worker] o.s.t.web.servlet.TestDispatcherServlet  : Completed initialization in 0 ms
2024-06-10T13:44:43.455+02:00  INFO 25918 --- [    Test worker] o.s.b.w.embedded.tomcat.TomcatWebServer  : Tomcat started on port 50166 (http) with context path ''
2024-06-10T13:44:43.457+02:00  INFO 25918 --- [    Test worker] d.i.e.m.c.MatchControllerIntegrationTest : Started MatchControllerIntegrationTest in 0.37 seconds (process running for 3.136)
]]></system-out>
  <system-err><![CDATA[]]></system-err>
</testsuite>
