<?xml version="1.0" encoding="UTF-8"?>
<testsuite name="de.iits.elocalculatorbackend.player.controller.PlayerControllerIntegrationTest" tests="0" skipped="0" failures="0" errors="0" timestamp="1970-01-01T00:00:00" hostname="Bernhards-MacBook-Pro.local" time="0.0">
  <properties/>
  <system-out><![CDATA[2024-06-10T13:44:43.669+02:00  INFO 25918 --- [    Test worker] t.c.s.AnnotationConfigContextLoaderUtils : Could not detect default configuration classes for test class [de.iits.elocalculatorbackend.player.controller.PlayerControllerIntegrationTest]: PlayerControllerIntegrationTest does not declare any static, non-private, non-final, nested classes annotated with @Configuration.
2024-06-10T13:44:43.674+02:00  INFO 25918 --- [    Test worker] .b.t.c.SpringBootTestContextBootstrapper : Found @SpringBootConfiguration de.iits.elocalculatorbackend.EloBackendJavaApplication for test class de.iits.elocalculatorbackend.player.controller.PlayerControllerIntegrationTest
]]></system-out>
  <system-err><![CDATA[]]></system-err>
</testsuite>
