<?xml version="1.0" encoding="UTF-8"?>
<testsuite name="de.iits.elocalculatorbackend.EloBackendJavaApplicationTests" tests="1" skipped="0" failures="0" errors="0" timestamp="2024-06-10T11:44:42" hostname="Bernhards-MacBook-Pro.local" time="0.355">
  <properties/>
  <testcase name="contextLoads()" classname="de.iits.elocalculatorbackend.EloBackendJavaApplicationTests" time="0.355"/>
  <system-out><![CDATA[13:44:40.778 [Test worker] INFO org.springframework.test.context.support.AnnotationConfigContextLoaderUtils -- Could not detect default configuration classes for test class [de.iits.elocalculatorbackend.EloBackendJavaApplicationTests]: EloBackendJavaApplicationTests does not declare any static, non-private, non-final, nested classes annotated with @Configuration.
13:44:40.828 [Test worker] INFO org.springframework.boot.test.context.SpringBootTestContextBootstrapper -- Found @SpringBootConfiguration de.iits.elocalculatorbackend.EloBackendJavaApplication for test class de.iits.elocalculatorbackend.EloBackendJavaApplicationTests

  .   ____          _            __ _ _
 /\\ / ___'_ __ _ _(_)_ __  __ _ \ \ \ \
( ( )\___ | '_ | '_| | '_ \/ _` | \ \ \ \
 \\/  ___)| |_)| | | | | || (_| |  ) ) ) )
  '  |____| .__|_| |_|_| |_\__, | / / / /
 =========|_|==============|___/=/_/_/_/
 :: Spring Boot ::                (v3.2.1)

2024-06-10T13:44:41.006+02:00  INFO 25918 --- [    Test worker] d.i.e.EloBackendJavaApplicationTests     : Starting EloBackendJavaApplicationTests using Java 21.0.1 with PID 25918 (started by bkern in /Users/bkern/Documents/gits/iits/recruiting-monorepo/backend/java)
2024-06-10T13:44:41.007+02:00  INFO 25918 --- [    Test worker] d.i.e.EloBackendJavaApplicationTests     : No active profile set, falling back to 1 default profile: "default"
2024-06-10T13:44:41.324+02:00  INFO 25918 --- [    Test worker] .s.d.r.c.RepositoryConfigurationDelegate : Bootstrapping Spring Data JPA repositories in DEFAULT mode.
2024-06-10T13:44:41.355+02:00  INFO 25918 --- [    Test worker] .s.d.r.c.RepositoryConfigurationDelegate : Finished Spring Data repository scanning in 26 ms. Found 2 JPA repository interfaces.
2024-06-10T13:44:41.555+02:00  INFO 25918 --- [    Test worker] com.zaxxer.hikari.HikariDataSource       : HikariPool-1 - Starting...
2024-06-10T13:44:41.651+02:00  INFO 25918 --- [    Test worker] com.zaxxer.hikari.pool.HikariPool        : HikariPool-1 - Added connection conn0: url=jdbc:h2:mem:9778d021-143e-4135-8ac1-dfa371bd06ce user=SA
2024-06-10T13:44:41.651+02:00  INFO 25918 --- [    Test worker] com.zaxxer.hikari.HikariDataSource       : HikariPool-1 - Start completed.
2024-06-10T13:44:41.678+02:00  INFO 25918 --- [    Test worker] o.hibernate.jpa.internal.util.LogHelper  : HHH000204: Processing PersistenceUnitInfo [name: default]
2024-06-10T13:44:41.702+02:00  INFO 25918 --- [    Test worker] org.hibernate.Version                    : HHH000412: Hibernate ORM core version 6.4.1.Final
2024-06-10T13:44:41.717+02:00  INFO 25918 --- [    Test worker] o.h.c.internal.RegionFactoryInitiator    : HHH000026: Second-level cache disabled
2024-06-10T13:44:41.823+02:00  INFO 25918 --- [    Test worker] o.s.o.j.p.SpringPersistenceUnitInfo      : No LoadTimeWeaver setup: ignoring JPA class transformer
2024-06-10T13:44:42.271+02:00  INFO 25918 --- [    Test worker] o.h.e.t.j.p.i.JtaPlatformInitiator       : HHH000489: No JTA platform available (set 'hibernate.transaction.jta.platform' to enable JTA platform integration)
2024-06-10T13:44:42.294+02:00  INFO 25918 --- [    Test worker] j.LocalContainerEntityManagerFactoryBean : Initialized JPA EntityManagerFactory for persistence unit 'default'
2024-06-10T13:44:42.708+02:00  INFO 25918 --- [    Test worker] d.i.e.EloBackendJavaApplicationTests     : Started EloBackendJavaApplicationTests in 1.818 seconds (process running for 2.387)
]]></system-out>
  <system-err><![CDATA[WARNING: A Java agent has been loaded dynamically (/Users/bkern/.gradle/caches/modules-2/files-2.1/net.bytebuddy/byte-buddy-agent/1.14.10/90ed94ac044ea8953b224304c762316e91fd6b31/byte-buddy-agent-1.14.10.jar)
WARNING: If a serviceability tool is in use, please run with -XX:+EnableDynamicAgentLoading to hide this warning
WARNING: If a serviceability tool is not in use, please run with -Djdk.instrument.traceUsage for more information
WARNING: Dynamic loading of agents will be disallowed by default in a future release
]]></system-err>
</testsuite>
